<?xml version="1.0" encoding="UTF-8"?>
<Site BuildName="Darwin-clang++"
	BuildStamp="20230805-0354-Experimental"
	Name="MacBook-Pro-2.local"
	Generator="ctest-3.26.4"
	CompilerName="/usr/bin/clang++"
	CompilerVersion="14.0.3.14030022"
	OSName="macOS"
	Hostname="MacBook-Pro-2.local"
	OSRelease="13.2.1"
	OSVersion="22D68"
	OSPlatform="arm64"
	Is64Bits="1"
	VendorString="IBM"
	VendorID="IBM"
	FamilyID="16777228"
	ModelID="2"
	ProcessorCacheSize="131072"
	NumberOfLogicalCPU="12"
	NumberOfPhysicalCPU="12"
	TotalVirtualMemory="9216"
	TotalPhysicalMemory="16384"
	LogicalProcessorsPerPhysical="12"
	ProcessorClockFrequency="0"
	>
	<Testing>
		<StartDateTime>Aug 05 00:24 CDT</StartDateTime>
		<StartTestTime>1691213096</StartTestTime>
		<TestList/>
		<EndDateTime>Aug 05 00:24 CDT</EndDateTime>
		<EndTestTime>1691213096</EndTestTime>
		<ElapsedMinutes>0</ElapsedMinutes>
	</Testing>
</Site>
