<?xml version="1.0" encoding="UTF-8"?>
<Site BuildName="Darwin-aarch64-apple-darwin22-g++-13"
	BuildStamp="20240222-0004-Experimental"
	Name="MacBook-Pro-4.local"
	Generator="ctest-3.26.4"
	CompilerName="/opt/homebrew/bin/aarch64-apple-darwin22-g++-13"
	CompilerVersion="13.1.0"
	OSName="macOS"
	Hostname="MacBook-Pro-6.local"
	OSRelease="14.2.1"
	OSVersion="23C71"
	OSPlatform="arm64"
	Is64Bits="1"
	VendorString="IBM"
	VendorID="IBM"
	FamilyID="16777228"
	ModelID="2"
	ProcessorCacheSize="131072"
	NumberOfLogicalCPU="12"
	NumberOfPhysicalCPU="12"
	TotalVirtualMemory="3072"
	TotalPhysicalMemory="16384"
	LogicalProcessorsPerPhysical="12"
	ProcessorClockFrequency="0"
	>
	<Testing>
		<StartDateTime>Feb 21 18:04 CST</StartDateTime>
		<StartTestTime>1708560290</StartTestTime>
		<TestList/>
		<EndDateTime>Feb 21 18:04 CST</EndDateTime>
		<EndTestTime>1708560290</EndTestTime>
		<ElapsedMinutes>0</ElapsedMinutes>
	</Testing>
</Site>
